<?xml version="1.0" encoding="UTF-8"?>
<!-- Generated by org.testng.reporters.JUnitReportReporter -->
<testsuite hostname="DESKTOP-UOAU3OU" failures="0" tests="1" name="SeleniumAutomation.Opencart.AppTest" time="0.019" errors="0" timestamp="2024-11-23T20:45:36 IST" skipped="0">
  <testcase classname="SeleniumAutomation.Opencart.AppTest" name="shouldAnswerWithTrue" time="0.019"/>
</testsuite> <!-- SeleniumAutomation.Opencart.AppTest -->
