<?xml version="1.0" encoding="UTF-8"?>
<!-- Generated by org.testng.reporters.JUnitReportReporter -->
<testsuite hostname="DESKTOP-UOAU3OU" failures="0" tests="4" name="SeleniumAutomation.Opencart.SIT" time="64.576" errors="0" timestamp="2024-12-03T20:38:44 IST" skipped="0">
  <testcase classname="SeleniumAutomation.Opencart.SIT" name="javactions" time="12.298"/>
  <system-out/>
  <testcase classname="SeleniumAutomation.Opencart.SIT" name="placeorder" time="18.170"/>
  <system-out/>
  <testcase classname="SeleniumAutomation.Opencart.SIT" name="brokenLinks" time="14.281"/>
  <system-out/>
  <testcase classname="SeleniumAutomation.Opencart.SIT" name="searchBox" time="19.827"/>
  <system-out/>
</testsuite> <!-- SeleniumAutomation.Opencart.SIT -->
