<?xml version="1.0" encoding="UTF-8"?>
<!-- Generated by org.testng.reporters.JUnitReportReporter -->
<testsuite hostname="DESKTOP-UOAU3OU" failures="0" tests="1" name="SeleniumAutomation.Opencart.SIT" time="10.034" errors="0" timestamp="2024-11-26T19:51:47 IST" skipped="0">
  <testcase classname="SeleniumAutomation.Opencart.SIT" name="submitorder" time="10.034"/>
  <system-out/>
</testsuite> <!-- SeleniumAutomation.Opencart.SIT -->
