<?xml version="1.0" encoding="UTF-8"?>
<!-- Generated by org.testng.reporters.JUnitReportReporter -->
<testsuite hostname="DESKTOP-HDQ345V" failures="0" tests="4" name="SeleniumAutomation.Opencart.SIT" time="60.369" errors="0" timestamp="2024-12-21T18:58:12 IST" skipped="0">
  <testcase classname="SeleniumAutomation.Opencart.SIT" name="placeorder" time="18.602"/>
  <system-out/>
  <testcase classname="SeleniumAutomation.Opencart.SIT" name="searchBox" time="18.710"/>
  <system-out/>
  <testcase classname="SeleniumAutomation.Opencart.SIT" name="brokenLinks" time="12.142"/>
  <system-out/>
  <testcase classname="SeleniumAutomation.Opencart.SIT" name="javactions" time="10.915"/>
  <system-out/>
</testsuite> <!-- SeleniumAutomation.Opencart.SIT -->
