<?xml version="1.0" encoding="UTF-8"?>
<!-- Generated by org.testng.reporters.JUnitReportReporter -->
<testsuite hostname="DESKTOP-HDQ345V" failures="0" tests="4" name="SeleniumAutomation.Opencart.SIT" time="50.805" errors="0" timestamp="2024-12-21T16:20:21 IST" skipped="0">
  <testcase classname="SeleniumAutomation.Opencart.SIT" name="searchBox" time="14.869"/>
  <system-out/>
  <testcase classname="SeleniumAutomation.Opencart.SIT" name="placeorder" time="16.104"/>
  <system-out/>
  <testcase classname="SeleniumAutomation.Opencart.SIT" name="brokenLinks" time="12.701"/>
  <system-out/>
  <testcase classname="SeleniumAutomation.Opencart.SIT" name="javactions" time="7.131"/>
  <system-out/>
</testsuite> <!-- SeleniumAutomation.Opencart.SIT -->
