<?xml version="1.0" encoding="UTF-8"?>
<!-- Generated by org.testng.reporters.JUnitReportReporter -->
<testsuite hostname="DESKTOP-HDQ345V" failures="0" tests="4" name="SeleniumAutomation.Opencart.SIT" time="47.860" errors="0" timestamp="2024-12-21T15:02:47 IST" skipped="0">
  <testcase classname="SeleniumAutomation.Opencart.SIT" name="javactions" time="6.596"/>
  <system-out/>
  <testcase classname="SeleniumAutomation.Opencart.SIT" name="brokenLinks" time="10.010"/>
  <system-out/>
  <testcase classname="SeleniumAutomation.Opencart.SIT" name="placeorder" time="13.738"/>
  <system-out/>
  <testcase classname="SeleniumAutomation.Opencart.SIT" name="searchBox" time="17.516"/>
  <system-out/>
</testsuite> <!-- SeleniumAutomation.Opencart.SIT -->
