<?xml version="1.0" encoding="UTF-8"?>
<!-- Generated by org.testng.reporters.JUnitReportReporter -->
<testsuite hostname="DESKTOP-UOAU3OU" failures="0" tests="5" name="SeleniumAutomation.Opencart.SIT" time="68.173" errors="0" timestamp="2024-12-03T20:40:06 IST" skipped="1">
  <testcase classname="SeleniumAutomation.Opencart.SIT" name="searchBox" time="20.410"/>
  <system-out/>
  <testcase classname="SeleniumAutomation.Opencart.SIT" name="javactions" time="9.457"/>
  <system-out/>
  <testcase classname="SeleniumAutomation.Opencart.SIT" name="placeorder" time="13.421">
    <skipped/>
  </testcase> <!-- placeorder -->
  <system-out/>
  <testcase classname="SeleniumAutomation.Opencart.SIT" name="placeorder" time="13.345"/>
  <system-out/>
  <testcase classname="SeleniumAutomation.Opencart.SIT" name="brokenLinks" time="11.540"/>
  <system-out/>
</testsuite> <!-- SeleniumAutomation.Opencart.SIT -->
