<?xml version="1.0" encoding="UTF-8"?>
<!-- Generated by org.testng.reporters.JUnitReportReporter -->
<testsuite hostname="DESKTOP-HDQ345V" failures="0" tests="4" name="SeleniumAutomation.Opencart.SIT" time="55.772" errors="0" timestamp="2025-01-02T13:04:22 IST" skipped="0">
  <testcase classname="SeleniumAutomation.Opencart.SIT" name="searchBox" time="16.721"/>
  <system-out/>
  <testcase classname="SeleniumAutomation.Opencart.SIT" name="javactions" time="9.638"/>
  <system-out/>
  <testcase classname="SeleniumAutomation.Opencart.SIT" name="placeorder" time="16.648"/>
  <system-out/>
  <testcase classname="SeleniumAutomation.Opencart.SIT" name="brokenLinks" time="12.765"/>
  <system-out/>
</testsuite> <!-- SeleniumAutomation.Opencart.SIT -->
