<?xml version="1.0" encoding="UTF-8"?>
<!-- Generated by org.testng.reporters.JUnitReportReporter -->
<testsuite hostname="DESKTOP-UOAU3OU" failures="0" tests="2" name="SeleniumAutomation.Opencart.SIT" time="27.559" errors="0" timestamp="2024-11-30T13:56:28 IST" skipped="0">
  <testcase classname="SeleniumAutomation.Opencart.SIT" name="placeorder" time="12.077"/>
  <system-out/>
  <testcase classname="SeleniumAutomation.Opencart.SIT" name="searchBox" time="15.482"/>
  <system-out/>
</testsuite> <!-- SeleniumAutomation.Opencart.SIT -->
